Unity Editor version:    2020.3.18f1 (a7d1c678663c)
Branch:                  2020.3/staging
Build type:              Release
Batch mode:              YES
macOS version:           Version 11.5.2 (Build 20G95)
Darwin version:          20.6.0
Architecture:            x86_64
Running under Rosetta:   NO
Available memory:        16384 MB
Using pre-set license
Pro License: NO

COMMAND LINE ARGUMENTS:
/Applications/Unity/Hub/Editor/2020.3.18f1/Unity.app/Contents/MacOS/Unity
-adb2
-batchMode
-noUpm
-name
AssetImportWorker0
-projectPath
/Users/jacksonemma/Documents/GitHub/Unity/UNity 3D
-logFile
Logs/AssetImportWorker0.log
-srvPort
57021
Successfully changed project path to: /Users/jacksonemma/Documents/GitHub/Unity/UNity 3D
/Users/jacksonemma/Documents/GitHub/Unity/UNity 3D
Using Asset Import Pipeline V2.
Refreshing native plugins compatible for Editor in 39.77 ms, found 2 plugins.
Preloading 0 native plugins for Editor in 0.00 ms.
Initialize engine version: 2020.3.18f1 (a7d1c678663c)
[Subsystems] Discovering subsystems at path /Applications/Unity/Hub/Editor/2020.3.18f1/Unity.app/Contents/Resources/UnitySubsystems
[Subsystems] Discovering subsystems at path /Users/jacksonemma/Documents/GitHub/Unity/UNity 3D/Assets
GfxDevice: creating device client; threaded=0
2021-09-22 09:28:44.060 Unity[12760:905103] Color LCD preferred device: Intel Iris Pro Graphics (low power)
2021-09-22 09:28:44.060 Unity[12760:905103] Metal devices available: 1
2021-09-22 09:28:44.060 Unity[12760:905103] 0: Intel Iris Pro Graphics (low power)
2021-09-22 09:28:44.060 Unity[12760:905103] Using device Intel Iris Pro Graphics (low power)
Initializing Metal device caps: Intel Iris Pro Graphics
Initialize mono
Mono path[0] = '/Applications/Unity/Hub/Editor/2020.3.18f1/Unity.app/Contents/Managed'
Mono path[1] = '/Applications/Unity/Hub/Editor/2020.3.18f1/Unity.app/Contents/MonoBleedingEdge/lib/mono/unityjit'
Mono config path = '/Applications/Unity/Hub/Editor/2020.3.18f1/Unity.app/Contents/MonoBleedingEdge/etc'
Using monoOptions --debugger-agent=transport=dt_socket,embedding=1,server=y,suspend=n,address=127.0.0.1:56760
Begin MonoManager ReloadAssembly
Registering precompiled unity dll's ...
Register platform support module: /Applications/Unity/Hub/Editor/2020.3.18f1/PlaybackEngines/WebGLSupport/UnityEditor.WebGL.Extensions.dll
Register platform support module: /Applications/Unity/Hub/Editor/2020.3.18f1/Unity.app/Contents/PlaybackEngines/MacStandaloneSupport/UnityEditor.OSXStandalone.Extensions.dll
Registered in 0.001404 seconds.
Native extension for OSXStandalone target not found
Native extension for WebGL target not found
Refreshing native plugins compatible for Editor in 44.87 ms, found 2 plugins.
Preloading 0 native plugins for Editor in 0.00 ms.
Mono: successfully reloaded assembly
- Completed reload, in  2.888 seconds
Domain Reload Profiling:
	ReloadAssembly (2888ms)
		BeginReloadAssembly (78ms)
			ExecutionOrderSort (0ms)
			DisableScriptedObjects (0ms)
			BackupInstance (0ms)
			ReleaseScriptingObjects (0ms)
			CreateAndSetChildDomain (1ms)
		EndReloadAssembly (851ms)
			LoadAssemblies (77ms)
			RebuildTransferFunctionScriptingTraits (0ms)
			SetupTypeCache (375ms)
			ReleaseScriptCaches (0ms)
			RebuildScriptCaches (67ms)
			SetupLoadedEditorAssemblies (306ms)
				LogAssemblyErrors (0ms)
				InitializePlatformSupportModulesInManaged (8ms)
				SetLoadedEditorAssemblies (1ms)
				RefreshPlugins (45ms)
				BeforeProcessingInitializeOnLoad (15ms)
				ProcessInitializeOnLoadAttributes (195ms)
				ProcessInitializeOnLoadMethodAttributes (42ms)
				AfterProcessingInitializeOnLoad (0ms)
				EditorAssembliesLoaded (0ms)
			ExecutionOrderSort2 (0ms)
			AwakeInstancesAfterBackupRestoration (0ms)
Platform modules already initialized, skipping
Registering precompiled user dll's ...
Registered in 0.001452 seconds.
Begin MonoManager ReloadAssembly
Native extension for OSXStandalone target not found
Native extension for WebGL target not found
Refreshing native plugins compatible for Editor in 0.40 ms, found 2 plugins.
Preloading 0 native plugins for Editor in 0.00 ms.
Mono: successfully reloaded assembly
- Completed reload, in  1.622 seconds
Domain Reload Profiling:
	ReloadAssembly (1624ms)
		BeginReloadAssembly (280ms)
			ExecutionOrderSort (0ms)
			DisableScriptedObjects (8ms)
			BackupInstance (0ms)
			ReleaseScriptingObjects (0ms)
			CreateAndSetChildDomain (47ms)
		EndReloadAssembly (1245ms)
			LoadAssemblies (114ms)
			RebuildTransferFunctionScriptingTraits (0ms)
			SetupTypeCache (500ms)
			ReleaseScriptCaches (1ms)
			RebuildScriptCaches (84ms)
			SetupLoadedEditorAssemblies (399ms)
				LogAssemblyErrors (0ms)
				InitializePlatformSupportModulesInManaged (8ms)
				SetLoadedEditorAssemblies (1ms)
				RefreshPlugins (0ms)
				BeforeProcessingInitializeOnLoad (63ms)
				ProcessInitializeOnLoadAttributes (319ms)
				ProcessInitializeOnLoadMethodAttributes (5ms)
				AfterProcessingInitializeOnLoad (3ms)
				EditorAssembliesLoaded (0ms)
			ExecutionOrderSort2 (0ms)
			AwakeInstancesAfterBackupRestoration (11ms)
Platform modules already initialized, skipping
Validating Project structure ... 0.000355 seconds.
Shader import version has changed; will reimport all shaders...
Upgrading shader files ...0.000404 seconds.
Application.AssetDatabase Initial Script Refresh Start
RefreshInfo: InitialScriptRefreshV2(NoUpdateAssetOptions) scanfilter:  ... 1 filters
RefreshProfiler: Total: 0.000ms
Application.AssetDatabase Initial Script Refresh End
Application.AssetDatabase.Refresh Start
Application.AssetDatabase.Refresh End
RefreshInfo: StopAssetImportingV2(ForceSynchronousImport) scanfilter: 
RefreshProfiler: Total: 0.000ms
Launching external process: /Applications/Unity/Hub/Editor/2020.3.18f1/Unity.app/Contents/Tools/UnityShaderCompiler
Launched and connected shader compiler UnityShaderCompiler after 0.01 seconds
Initializing Unity extensions:
========================================================================
Worker process is ready to serve import requests
Refreshing native plugins compatible for Editor in 0.53 ms, found 2 plugins.
Preloading 0 native plugins for Editor in 0.00 ms.
Unloading 1397 Unused Serialized files (Serialized files now loaded: 0)
System memory in use before: 157.7 MB.
System memory in use after: 156.8 MB.

Unloading 77 unused Assets to reduce memory usage. Loaded Objects now: 1875.
Total: 7.657239 ms (FindLiveObjects: 0.894588 ms CreateObjectMapping: 0.521751 ms MarkObjects: 5.404368 ms  DeleteObjects: 0.835213 ms)

AssetImportParameters requested are different than current active one (requested -> active):
  custom:video-decoder-ogg-theora: a1e56fd34408186e4bbccfd4996cb3dc -> 
  custom:container-muxer-webm: aa71ff27fc2769a1b78a27578f13a17b -> 
  custom:container-demuxer-webm: 4f35f7cbe854078d1ac9338744f61a02 -> 
  custom:container-demuxer-ogg: 62fdf1f143b41e24485cea50d1cbac27 -> 
  custom:video-encoder-webm-vp8: eb34c28f22e8b96e1ab97ce403110664 -> 
  custom:framework-osx-AVFoundation: e770b220cccbd017edd2c1fefb359320 -> 
  custom:video-decoder-webm-vp8: 9c59270c3fd7afecdb556c50c9e8de78 -> 
  custom:audio-decoder-ogg-vorbis: bf7c407c2cedff20999df2af8eb42d56 -> 
  custom:audio-encoder-webm-vorbis: bf7c407c2cedff20999df2af8eb42d56 -> 
========================================================================
Received Import Request.
  path: Assets/Tree.prefab
  artifactKey: Guid(0be088cddcc1a4084af61a9bcf6ca70c) Importer(815301076,1909f56bfc062723c751e8b465ee728b)
Start importing Assets/Tree.prefab using Guid(0be088cddcc1a4084af61a9bcf6ca70c) Importer(815301076,1909f56bfc062723c751e8b465ee728b)  -> (artifact id: '6cb85b40ec916226d363756905c9e7fa') in 1.842373 seconds 
  Import took 1.846421 seconds .

========================================================================
Received Import Request.
  Time since last request: 0.003262 seconds.
  path: Assets/Tree.prefab
  artifactKey: Guid(0be088cddcc1a4084af61a9bcf6ca70c) Importer(815301076,1909f56bfc062723c751e8b465ee728b)
Start importing Assets/Tree.prefab using Guid(0be088cddcc1a4084af61a9bcf6ca70c) Importer(815301076,1909f56bfc062723c751e8b465ee728b)  -> (artifact id: '3fe79a664de27313349e988e0579f5e8') in 0.024608 seconds 
  Import took 0.027194 seconds .

========================================================================
Received Import Request.
  Time since last request: 18.642179 seconds.
  path: Assets/Tree.prefab
  artifactKey: Guid(0be088cddcc1a4084af61a9bcf6ca70c) Importer(815301076,1909f56bfc062723c751e8b465ee728b)
Start importing Assets/Tree.prefab using Guid(0be088cddcc1a4084af61a9bcf6ca70c) Importer(815301076,1909f56bfc062723c751e8b465ee728b)  -> (artifact id: '4a2524bac7a15e7f508b58449f4c408d') in 0.058253 seconds 
  Import took 0.062148 seconds .

========================================================================
Received Import Request.
  Time since last request: 0.921176 seconds.
  path: Assets/Tree.prefab
  artifactKey: Guid(0be088cddcc1a4084af61a9bcf6ca70c) Importer(815301076,1909f56bfc062723c751e8b465ee728b)
Start importing Assets/Tree.prefab using Guid(0be088cddcc1a4084af61a9bcf6ca70c) Importer(815301076,1909f56bfc062723c751e8b465ee728b)  -> (artifact id: '8bcc3b476b0076761d79faf69cfc0423') in 0.055368 seconds 
  Import took 0.059632 seconds .

========================================================================
Received Import Request.
  Time since last request: 9.930586 seconds.
  path: Assets/Tree.prefab
  artifactKey: Guid(0be088cddcc1a4084af61a9bcf6ca70c) Importer(815301076,1909f56bfc062723c751e8b465ee728b)
Start importing Assets/Tree.prefab using Guid(0be088cddcc1a4084af61a9bcf6ca70c) Importer(815301076,1909f56bfc062723c751e8b465ee728b)  -> (artifact id: 'fa8fea6cbfcd2494faf332ae699e2256') in 0.055287 seconds 
  Import took 0.059641 seconds .

========================================================================
Received Import Request.
  Time since last request: 14.039171 seconds.
  path: Assets/Tree.prefab
  artifactKey: Guid(0be088cddcc1a4084af61a9bcf6ca70c) Importer(815301076,1909f56bfc062723c751e8b465ee728b)
Start importing Assets/Tree.prefab using Guid(0be088cddcc1a4084af61a9bcf6ca70c) Importer(815301076,1909f56bfc062723c751e8b465ee728b)  -> (artifact id: '75dc99d6507573450cb092a194afb2d1') in 0.069110 seconds 
  Import took 0.072463 seconds .

========================================================================
Received Import Request.
  Time since last request: 257.816937 seconds.
  path: Assets/New Terrain.asset
  artifactKey: Guid(7a9c1467e2fb34b84918d42dc176267c) Importer(815301076,1909f56bfc062723c751e8b465ee728b)
Start importing Assets/New Terrain.asset using Guid(7a9c1467e2fb34b84918d42dc176267c) Importer(815301076,1909f56bfc062723c751e8b465ee728b)  -> (artifact id: '591b3c96125f9d5799da1be6cf5f15cf') in 0.576357 seconds 
  Import took 0.580373 seconds .

